<!DOCTYPE html>
<html class="writer-html5" lang="en" >
<head>
  <meta charset="utf-8" />
  <meta name="viewport" content="width=device-width, initial-scale=1.0" />
  <title>CIME.tests.test_unit_custom_assertions_test_status &mdash; CIME master documentation</title>
      <link rel="stylesheet" href="../../../_static/pygments.css" type="text/css" />
      <link rel="stylesheet" href="../../../_static/css/theme.css" type="text/css" />
      <link rel="stylesheet" href="../../../_static/custom.css" type="text/css" />
  <!--[if lt IE 9]>
    <script src="../../../_static/js/html5shiv.min.js"></script>
  <![endif]-->
  
        <script src="../../../_static/jquery.js?v=5d32c60e"></script>
        <script src="../../../_static/_sphinx_javascript_frameworks_compat.js?v=2cd50e6c"></script>
        <script src="../../../_static/documentation_options.js?v=30d551ce"></script>
        <script src="../../../_static/doctools.js?v=888ff710"></script>
        <script src="../../../_static/sphinx_highlight.js?v=dc90522c"></script>
        <script src="../../../_static/pop_ver.js"></script>
    <script src="../../../_static/js/theme.js"></script>
    <link rel="index" title="Index" href="../../../genindex.html" />
    <link rel="search" title="Search" href="../../../search.html" /> 
</head>

<body class="wy-body-for-nav"> 
  <div class="wy-grid-for-nav">
    <nav data-toggle="wy-nav-shift" class="wy-nav-side">
      <div class="wy-side-scroll">
        <div class="wy-side-nav-search" >

          
          
          <a href="../../../index.html" class="icon icon-home">
            CIME
          </a>
              <div class="version">
                master
              </div>
<div role="search">
  <form id="rtd-search-form" class="wy-form" action="../../../search.html" method="get">
    <input type="text" name="q" placeholder="Search docs" aria-label="Search docs" />
    <input type="hidden" name="check_keywords" value="yes" />
    <input type="hidden" name="area" value="default" />
  </form>
</div>
        </div><div class="wy-menu wy-menu-vertical" data-spy="affix" role="navigation" aria-label="Navigation menu">
              <ul>
<li class="toctree-l1"><a class="reference internal" href="../../../what_cime/index.html">What is CIME?</a></li>
<li class="toctree-l1"><a class="reference internal" href="../../../users_guide/index.html">Case Control System Part 1: Basic Usage</a></li>
<li class="toctree-l1"><a class="reference internal" href="../../../users_guide/index.html#case-control-system-part-2-configuration-porting-testing-and-use-cases">Case Control System Part 2: Configuration, Porting, Testing and Use Cases</a></li>
<li class="toctree-l1"><a class="reference internal" href="../../../build_cpl/index.html">Building a Coupled Model with CIME</a></li>
<li class="toctree-l1"><a class="reference internal" href="../../../misc_tools/index.html">Miscellaneous Tools</a></li>
</ul>
<ul>
<li class="toctree-l1"><a class="reference internal" href="../../../glossary/index.html">Glossary</a></li>
<li class="toctree-l1"><a class="reference internal" href="../../../Tools_user/index.html">User Tools</a></li>
<li class="toctree-l1"><a class="reference internal" href="../../../xml_files/index.html">XML Files</a></li>
<li class="toctree-l1"><a class="reference internal" href="../../../CIME_api/modules.html">CIME</a></li>
<li class="toctree-l1"><a class="reference internal" href="../../../Tools_api/modules.html">Tools</a></li>
</ul>

        </div>
      </div>
    </nav>

    <section data-toggle="wy-nav-shift" class="wy-nav-content-wrap"><nav class="wy-nav-top" aria-label="Mobile navigation menu" >
          <i data-toggle="wy-nav-top" class="fa fa-bars"></i>
          <a href="../../../index.html">CIME</a>
      </nav>

      <div class="wy-nav-content">
        <div class="rst-content">
          <div role="navigation" aria-label="Page navigation">
  <ul class="wy-breadcrumbs">
      <li><a href="../../../index.html" class="icon icon-home" aria-label="Home"></a></li>
          <li class="breadcrumb-item"><a href="../../index.html">Module code</a></li>
      <li class="breadcrumb-item active">CIME.tests.test_unit_custom_assertions_test_status</li>
      <li class="wy-breadcrumbs-aside">
      </li>
  </ul>
  <hr/>
</div>
          <div role="main" class="document" itemscope="itemscope" itemtype="http://schema.org/Article">
           <div itemprop="articleBody">
             
  <h1>Source code for CIME.tests.test_unit_custom_assertions_test_status</h1><div class="highlight"><pre>
<span></span><span class="ch">#!/usr/bin/env python3</span>

<span class="sd">&quot;&quot;&quot;</span>
<span class="sd">This module contains unit tests of CustomAssertionsTestStatus</span>
<span class="sd">&quot;&quot;&quot;</span>

<span class="kn">import</span> <span class="nn">unittest</span>
<span class="kn">from</span> <span class="nn">CIME</span> <span class="kn">import</span> <span class="n">test_status</span>
<span class="kn">from</span> <span class="nn">CIME.tests.custom_assertions_test_status</span> <span class="kn">import</span> <span class="n">CustomAssertionsTestStatus</span>


<div class="viewcode-block" id="TestCustomAssertions">
<a class="viewcode-back" href="../../../CIME_api/CIME.tests.html#CIME.tests.test_unit_custom_assertions_test_status.TestCustomAssertions">[docs]</a>
<span class="k">class</span> <span class="nc">TestCustomAssertions</span><span class="p">(</span><span class="n">CustomAssertionsTestStatus</span><span class="p">):</span>

    <span class="n">_UNEXPECTED_COMMENT</span> <span class="o">=</span> <span class="n">test_status</span><span class="o">.</span><span class="n">TEST_UNEXPECTED_FAILURE_COMMENT_START</span> <span class="o">+</span> <span class="s2">&quot; blah)&quot;</span>

<div class="viewcode-block" id="TestCustomAssertions.output_line">
<a class="viewcode-back" href="../../../CIME_api/CIME.tests.html#CIME.tests.test_unit_custom_assertions_test_status.TestCustomAssertions.output_line">[docs]</a>
    <span class="nd">@staticmethod</span>
    <span class="k">def</span> <span class="nf">output_line</span><span class="p">(</span><span class="n">status</span><span class="p">,</span> <span class="n">test_name</span><span class="p">,</span> <span class="n">phase</span><span class="p">,</span> <span class="n">extra</span><span class="o">=</span><span class="s2">&quot;&quot;</span><span class="p">):</span>
        <span class="n">output</span> <span class="o">=</span> <span class="n">status</span> <span class="o">+</span> <span class="s2">&quot; &quot;</span> <span class="o">+</span> <span class="n">test_name</span> <span class="o">+</span> <span class="s2">&quot; &quot;</span> <span class="o">+</span> <span class="n">phase</span>
        <span class="k">if</span> <span class="n">extra</span><span class="p">:</span>
            <span class="n">output</span> <span class="o">+=</span> <span class="s2">&quot; &quot;</span> <span class="o">+</span> <span class="n">extra</span>
        <span class="n">output</span> <span class="o">+=</span> <span class="s2">&quot;</span><span class="se">\n</span><span class="s2">&quot;</span>
        <span class="k">return</span> <span class="n">output</span></div>


<div class="viewcode-block" id="TestCustomAssertions.test_assertPhaseAbsent_passes">
<a class="viewcode-back" href="../../../CIME_api/CIME.tests.html#CIME.tests.test_unit_custom_assertions_test_status.TestCustomAssertions.test_assertPhaseAbsent_passes">[docs]</a>
    <span class="k">def</span> <span class="nf">test_assertPhaseAbsent_passes</span><span class="p">(</span><span class="bp">self</span><span class="p">):</span>
<span class="w">        </span><span class="sd">&quot;&quot;&quot;assert_phase_absent should pass when the phase is absent for</span>
<span class="sd">        the given test_name&quot;&quot;&quot;</span>
        <span class="n">test_name1</span> <span class="o">=</span> <span class="s2">&quot;my.test.name1&quot;</span>
        <span class="n">test_name2</span> <span class="o">=</span> <span class="s2">&quot;my.test.name2&quot;</span>
        <span class="n">output</span> <span class="o">=</span> <span class="bp">self</span><span class="o">.</span><span class="n">output_line</span><span class="p">(</span><span class="s2">&quot;PASS&quot;</span><span class="p">,</span> <span class="n">test_name1</span><span class="p">,</span> <span class="s2">&quot;PHASE1&quot;</span><span class="p">)</span>
        <span class="n">output</span> <span class="o">+=</span> <span class="bp">self</span><span class="o">.</span><span class="n">output_line</span><span class="p">(</span><span class="s2">&quot;PASS&quot;</span><span class="p">,</span> <span class="n">test_name2</span><span class="p">,</span> <span class="s2">&quot;PHASE2&quot;</span><span class="p">)</span>

        <span class="bp">self</span><span class="o">.</span><span class="n">assert_phase_absent</span><span class="p">(</span><span class="n">output</span><span class="p">,</span> <span class="s2">&quot;PHASE2&quot;</span><span class="p">,</span> <span class="n">test_name1</span><span class="p">)</span>
        <span class="bp">self</span><span class="o">.</span><span class="n">assert_phase_absent</span><span class="p">(</span><span class="n">output</span><span class="p">,</span> <span class="s2">&quot;PHASE1&quot;</span><span class="p">,</span> <span class="n">test_name2</span><span class="p">)</span></div>


<div class="viewcode-block" id="TestCustomAssertions.test_assertPhaseAbsent_fails">
<a class="viewcode-back" href="../../../CIME_api/CIME.tests.html#CIME.tests.test_unit_custom_assertions_test_status.TestCustomAssertions.test_assertPhaseAbsent_fails">[docs]</a>
    <span class="k">def</span> <span class="nf">test_assertPhaseAbsent_fails</span><span class="p">(</span><span class="bp">self</span><span class="p">):</span>
<span class="w">        </span><span class="sd">&quot;&quot;&quot;assert_phase_absent should fail when the phase is present for</span>
<span class="sd">        the given test_name&quot;&quot;&quot;</span>
        <span class="n">test_name</span> <span class="o">=</span> <span class="s2">&quot;my.test.name&quot;</span>
        <span class="n">output</span> <span class="o">=</span> <span class="bp">self</span><span class="o">.</span><span class="n">output_line</span><span class="p">(</span><span class="s2">&quot;PASS&quot;</span><span class="p">,</span> <span class="n">test_name</span><span class="p">,</span> <span class="s2">&quot;PHASE1&quot;</span><span class="p">)</span>

        <span class="k">with</span> <span class="bp">self</span><span class="o">.</span><span class="n">assertRaises</span><span class="p">(</span><span class="ne">AssertionError</span><span class="p">):</span>
            <span class="bp">self</span><span class="o">.</span><span class="n">assert_phase_absent</span><span class="p">(</span><span class="n">output</span><span class="p">,</span> <span class="s2">&quot;PHASE1&quot;</span><span class="p">,</span> <span class="n">test_name</span><span class="p">)</span></div>


<div class="viewcode-block" id="TestCustomAssertions.test_assertCorePhases_passes">
<a class="viewcode-back" href="../../../CIME_api/CIME.tests.html#CIME.tests.test_unit_custom_assertions_test_status.TestCustomAssertions.test_assertCorePhases_passes">[docs]</a>
    <span class="k">def</span> <span class="nf">test_assertCorePhases_passes</span><span class="p">(</span><span class="bp">self</span><span class="p">):</span>
<span class="w">        </span><span class="sd">&quot;&quot;&quot;assert_core_phases passes when it should&quot;&quot;&quot;</span>
        <span class="n">output</span> <span class="o">=</span> <span class="s2">&quot;&quot;</span>
        <span class="n">fails</span> <span class="o">=</span> <span class="p">[</span><span class="n">test_status</span><span class="o">.</span><span class="n">CORE_PHASES</span><span class="p">[</span><span class="mi">1</span><span class="p">]]</span>
        <span class="n">test_name</span> <span class="o">=</span> <span class="s2">&quot;my.test.name&quot;</span>
        <span class="k">for</span> <span class="n">phase</span> <span class="ow">in</span> <span class="n">test_status</span><span class="o">.</span><span class="n">CORE_PHASES</span><span class="p">:</span>
            <span class="k">if</span> <span class="n">phase</span> <span class="ow">in</span> <span class="n">fails</span><span class="p">:</span>
                <span class="n">status</span> <span class="o">=</span> <span class="n">test_status</span><span class="o">.</span><span class="n">TEST_FAIL_STATUS</span>
            <span class="k">else</span><span class="p">:</span>
                <span class="n">status</span> <span class="o">=</span> <span class="n">test_status</span><span class="o">.</span><span class="n">TEST_PASS_STATUS</span>
            <span class="n">output</span> <span class="o">=</span> <span class="n">output</span> <span class="o">+</span> <span class="bp">self</span><span class="o">.</span><span class="n">output_line</span><span class="p">(</span><span class="n">status</span><span class="p">,</span> <span class="n">test_name</span><span class="p">,</span> <span class="n">phase</span><span class="p">)</span>

        <span class="bp">self</span><span class="o">.</span><span class="n">assert_core_phases</span><span class="p">(</span><span class="n">output</span><span class="p">,</span> <span class="n">test_name</span><span class="p">,</span> <span class="n">fails</span><span class="p">)</span></div>


<div class="viewcode-block" id="TestCustomAssertions.test_assertCorePhases_missingPhase_fails">
<a class="viewcode-back" href="../../../CIME_api/CIME.tests.html#CIME.tests.test_unit_custom_assertions_test_status.TestCustomAssertions.test_assertCorePhases_missingPhase_fails">[docs]</a>
    <span class="k">def</span> <span class="nf">test_assertCorePhases_missingPhase_fails</span><span class="p">(</span><span class="bp">self</span><span class="p">):</span>
<span class="w">        </span><span class="sd">&quot;&quot;&quot;assert_core_phases fails if there is a missing phase&quot;&quot;&quot;</span>
        <span class="n">output</span> <span class="o">=</span> <span class="s2">&quot;&quot;</span>
        <span class="n">test_name</span> <span class="o">=</span> <span class="s2">&quot;my.test.name&quot;</span>
        <span class="k">for</span> <span class="n">phase</span> <span class="ow">in</span> <span class="n">test_status</span><span class="o">.</span><span class="n">CORE_PHASES</span><span class="p">:</span>
            <span class="k">if</span> <span class="n">phase</span> <span class="o">!=</span> <span class="n">test_status</span><span class="o">.</span><span class="n">CORE_PHASES</span><span class="p">[</span><span class="mi">1</span><span class="p">]:</span>
                <span class="n">output</span> <span class="o">=</span> <span class="n">output</span> <span class="o">+</span> <span class="bp">self</span><span class="o">.</span><span class="n">output_line</span><span class="p">(</span>
                    <span class="n">test_status</span><span class="o">.</span><span class="n">TEST_PASS_STATUS</span><span class="p">,</span> <span class="n">test_name</span><span class="p">,</span> <span class="n">phase</span>
                <span class="p">)</span>

        <span class="k">with</span> <span class="bp">self</span><span class="o">.</span><span class="n">assertRaises</span><span class="p">(</span><span class="ne">AssertionError</span><span class="p">):</span>
            <span class="bp">self</span><span class="o">.</span><span class="n">assert_core_phases</span><span class="p">(</span><span class="n">output</span><span class="p">,</span> <span class="n">test_name</span><span class="p">,</span> <span class="n">fails</span><span class="o">=</span><span class="p">[])</span></div>


<div class="viewcode-block" id="TestCustomAssertions.test_assertCorePhases_wrongStatus_fails">
<a class="viewcode-back" href="../../../CIME_api/CIME.tests.html#CIME.tests.test_unit_custom_assertions_test_status.TestCustomAssertions.test_assertCorePhases_wrongStatus_fails">[docs]</a>
    <span class="k">def</span> <span class="nf">test_assertCorePhases_wrongStatus_fails</span><span class="p">(</span><span class="bp">self</span><span class="p">):</span>
<span class="w">        </span><span class="sd">&quot;&quot;&quot;assert_core_phases fails if a phase has the wrong status&quot;&quot;&quot;</span>
        <span class="n">output</span> <span class="o">=</span> <span class="s2">&quot;&quot;</span>
        <span class="n">test_name</span> <span class="o">=</span> <span class="s2">&quot;my.test.name&quot;</span>
        <span class="k">for</span> <span class="n">phase</span> <span class="ow">in</span> <span class="n">test_status</span><span class="o">.</span><span class="n">CORE_PHASES</span><span class="p">:</span>
            <span class="n">output</span> <span class="o">=</span> <span class="n">output</span> <span class="o">+</span> <span class="bp">self</span><span class="o">.</span><span class="n">output_line</span><span class="p">(</span>
                <span class="n">test_status</span><span class="o">.</span><span class="n">TEST_PASS_STATUS</span><span class="p">,</span> <span class="n">test_name</span><span class="p">,</span> <span class="n">phase</span>
            <span class="p">)</span>

        <span class="k">with</span> <span class="bp">self</span><span class="o">.</span><span class="n">assertRaises</span><span class="p">(</span><span class="ne">AssertionError</span><span class="p">):</span>
            <span class="bp">self</span><span class="o">.</span><span class="n">assert_core_phases</span><span class="p">(</span>
                <span class="n">output</span><span class="p">,</span> <span class="n">test_name</span><span class="p">,</span> <span class="n">fails</span><span class="o">=</span><span class="p">[</span><span class="n">test_status</span><span class="o">.</span><span class="n">CORE_PHASES</span><span class="p">[</span><span class="mi">1</span><span class="p">]]</span>
            <span class="p">)</span></div>


<div class="viewcode-block" id="TestCustomAssertions.test_assertCorePhases_wrongName_fails">
<a class="viewcode-back" href="../../../CIME_api/CIME.tests.html#CIME.tests.test_unit_custom_assertions_test_status.TestCustomAssertions.test_assertCorePhases_wrongName_fails">[docs]</a>
    <span class="k">def</span> <span class="nf">test_assertCorePhases_wrongName_fails</span><span class="p">(</span><span class="bp">self</span><span class="p">):</span>
<span class="w">        </span><span class="sd">&quot;&quot;&quot;assert_core_phases fails if the test name is wrong&quot;&quot;&quot;</span>
        <span class="n">output</span> <span class="o">=</span> <span class="s2">&quot;&quot;</span>
        <span class="n">test_name</span> <span class="o">=</span> <span class="s2">&quot;my.test.name&quot;</span>
        <span class="k">for</span> <span class="n">phase</span> <span class="ow">in</span> <span class="n">test_status</span><span class="o">.</span><span class="n">CORE_PHASES</span><span class="p">:</span>
            <span class="n">output</span> <span class="o">=</span> <span class="n">output</span> <span class="o">+</span> <span class="bp">self</span><span class="o">.</span><span class="n">output_line</span><span class="p">(</span>
                <span class="n">test_status</span><span class="o">.</span><span class="n">TEST_PASS_STATUS</span><span class="p">,</span> <span class="n">test_name</span><span class="p">,</span> <span class="n">phase</span>
            <span class="p">)</span>

        <span class="k">with</span> <span class="bp">self</span><span class="o">.</span><span class="n">assertRaises</span><span class="p">(</span><span class="ne">AssertionError</span><span class="p">):</span>
            <span class="bp">self</span><span class="o">.</span><span class="n">assert_core_phases</span><span class="p">(</span><span class="n">output</span><span class="p">,</span> <span class="s2">&quot;my.test&quot;</span><span class="p">,</span> <span class="n">fails</span><span class="o">=</span><span class="p">[])</span></div>


    <span class="c1"># Note: Basic functionality of assert_status_of_phase is covered sufficiently via</span>
    <span class="c1"># tests of assert_core_phases. Below we just cover some other aspects that aren&#39;t</span>
    <span class="c1"># already covered.</span>

<div class="viewcode-block" id="TestCustomAssertions.test_assertStatusOfPhase_withExtra_passes">
<a class="viewcode-back" href="../../../CIME_api/CIME.tests.html#CIME.tests.test_unit_custom_assertions_test_status.TestCustomAssertions.test_assertStatusOfPhase_withExtra_passes">[docs]</a>
    <span class="k">def</span> <span class="nf">test_assertStatusOfPhase_withExtra_passes</span><span class="p">(</span><span class="bp">self</span><span class="p">):</span>
<span class="w">        </span><span class="sd">&quot;&quot;&quot;Make sure assert_status_of_phase passes when there is some extra text at the</span>
<span class="sd">        end of the line&quot;&quot;&quot;</span>
        <span class="n">test_name</span> <span class="o">=</span> <span class="s2">&quot;my.test.name&quot;</span>
        <span class="n">output</span> <span class="o">=</span> <span class="bp">self</span><span class="o">.</span><span class="n">output_line</span><span class="p">(</span>
            <span class="n">test_status</span><span class="o">.</span><span class="n">TEST_FAIL_STATUS</span><span class="p">,</span>
            <span class="n">test_name</span><span class="p">,</span>
            <span class="n">test_status</span><span class="o">.</span><span class="n">CORE_PHASES</span><span class="p">[</span><span class="mi">0</span><span class="p">],</span>
            <span class="n">extra</span><span class="o">=</span><span class="n">test_status</span><span class="o">.</span><span class="n">TEST_EXPECTED_FAILURE_COMMENT</span><span class="p">,</span>
        <span class="p">)</span>
        <span class="bp">self</span><span class="o">.</span><span class="n">assert_status_of_phase</span><span class="p">(</span>
            <span class="n">output</span><span class="p">,</span> <span class="n">test_status</span><span class="o">.</span><span class="n">TEST_FAIL_STATUS</span><span class="p">,</span> <span class="n">test_status</span><span class="o">.</span><span class="n">CORE_PHASES</span><span class="p">[</span><span class="mi">0</span><span class="p">],</span> <span class="n">test_name</span>
        <span class="p">)</span></div>


<div class="viewcode-block" id="TestCustomAssertions.test_assertStatusOfPhase_xfailNo_passes">
<a class="viewcode-back" href="../../../CIME_api/CIME.tests.html#CIME.tests.test_unit_custom_assertions_test_status.TestCustomAssertions.test_assertStatusOfPhase_xfailNo_passes">[docs]</a>
    <span class="k">def</span> <span class="nf">test_assertStatusOfPhase_xfailNo_passes</span><span class="p">(</span><span class="bp">self</span><span class="p">):</span>
<span class="w">        </span><span class="sd">&quot;&quot;&quot;assert_status_of_phase should pass when xfail=&#39;no&#39; and there is no</span>
<span class="sd">        EXPECTED/UNEXPECTED on the line&quot;&quot;&quot;</span>
        <span class="n">test_name</span> <span class="o">=</span> <span class="s2">&quot;my.test.name&quot;</span>
        <span class="n">output</span> <span class="o">=</span> <span class="bp">self</span><span class="o">.</span><span class="n">output_line</span><span class="p">(</span>
            <span class="n">test_status</span><span class="o">.</span><span class="n">TEST_FAIL_STATUS</span><span class="p">,</span> <span class="n">test_name</span><span class="p">,</span> <span class="n">test_status</span><span class="o">.</span><span class="n">CORE_PHASES</span><span class="p">[</span><span class="mi">0</span><span class="p">]</span>
        <span class="p">)</span>
        <span class="bp">self</span><span class="o">.</span><span class="n">assert_status_of_phase</span><span class="p">(</span>
            <span class="n">output</span><span class="p">,</span>
            <span class="n">test_status</span><span class="o">.</span><span class="n">TEST_FAIL_STATUS</span><span class="p">,</span>
            <span class="n">test_status</span><span class="o">.</span><span class="n">CORE_PHASES</span><span class="p">[</span><span class="mi">0</span><span class="p">],</span>
            <span class="n">test_name</span><span class="p">,</span>
            <span class="n">xfail</span><span class="o">=</span><span class="s2">&quot;no&quot;</span><span class="p">,</span>
        <span class="p">)</span>
        <span class="c1"># While we&#39;re at it, also test assert_num_expected_unexpected_fails</span>
        <span class="bp">self</span><span class="o">.</span><span class="n">assert_num_expected_unexpected_fails</span><span class="p">(</span>
            <span class="n">output</span><span class="p">,</span> <span class="n">num_expected</span><span class="o">=</span><span class="mi">0</span><span class="p">,</span> <span class="n">num_unexpected</span><span class="o">=</span><span class="mi">0</span>
        <span class="p">)</span></div>


<div class="viewcode-block" id="TestCustomAssertions.test_assertStatusOfPhase_xfailNo_fails">
<a class="viewcode-back" href="../../../CIME_api/CIME.tests.html#CIME.tests.test_unit_custom_assertions_test_status.TestCustomAssertions.test_assertStatusOfPhase_xfailNo_fails">[docs]</a>
    <span class="k">def</span> <span class="nf">test_assertStatusOfPhase_xfailNo_fails</span><span class="p">(</span><span class="bp">self</span><span class="p">):</span>
<span class="w">        </span><span class="sd">&quot;&quot;&quot;assert_status_of_phase should fail when xfail=&#39;no&#39; but the line contains the</span>
<span class="sd">        EXPECTED comment&quot;&quot;&quot;</span>
        <span class="n">test_name</span> <span class="o">=</span> <span class="s2">&quot;my.test.name&quot;</span>
        <span class="n">output</span> <span class="o">=</span> <span class="bp">self</span><span class="o">.</span><span class="n">output_line</span><span class="p">(</span>
            <span class="n">test_status</span><span class="o">.</span><span class="n">TEST_FAIL_STATUS</span><span class="p">,</span>
            <span class="n">test_name</span><span class="p">,</span>
            <span class="n">test_status</span><span class="o">.</span><span class="n">CORE_PHASES</span><span class="p">[</span><span class="mi">0</span><span class="p">],</span>
            <span class="n">extra</span><span class="o">=</span><span class="n">test_status</span><span class="o">.</span><span class="n">TEST_EXPECTED_FAILURE_COMMENT</span><span class="p">,</span>
        <span class="p">)</span>

        <span class="k">with</span> <span class="bp">self</span><span class="o">.</span><span class="n">assertRaises</span><span class="p">(</span><span class="ne">AssertionError</span><span class="p">):</span>
            <span class="bp">self</span><span class="o">.</span><span class="n">assert_status_of_phase</span><span class="p">(</span>
                <span class="n">output</span><span class="p">,</span>
                <span class="n">test_status</span><span class="o">.</span><span class="n">TEST_FAIL_STATUS</span><span class="p">,</span>
                <span class="n">test_status</span><span class="o">.</span><span class="n">CORE_PHASES</span><span class="p">[</span><span class="mi">0</span><span class="p">],</span>
                <span class="n">test_name</span><span class="p">,</span>
                <span class="n">xfail</span><span class="o">=</span><span class="s2">&quot;no&quot;</span><span class="p">,</span>
            <span class="p">)</span>
        <span class="c1"># While we&#39;re at it, also test assert_num_expected_unexpected_fails</span>
        <span class="bp">self</span><span class="o">.</span><span class="n">assert_num_expected_unexpected_fails</span><span class="p">(</span>
            <span class="n">output</span><span class="p">,</span> <span class="n">num_expected</span><span class="o">=</span><span class="mi">1</span><span class="p">,</span> <span class="n">num_unexpected</span><span class="o">=</span><span class="mi">0</span>
        <span class="p">)</span></div>


<div class="viewcode-block" id="TestCustomAssertions.test_assertStatusOfPhase_xfailExpected_passes">
<a class="viewcode-back" href="../../../CIME_api/CIME.tests.html#CIME.tests.test_unit_custom_assertions_test_status.TestCustomAssertions.test_assertStatusOfPhase_xfailExpected_passes">[docs]</a>
    <span class="k">def</span> <span class="nf">test_assertStatusOfPhase_xfailExpected_passes</span><span class="p">(</span><span class="bp">self</span><span class="p">):</span>
<span class="w">        </span><span class="sd">&quot;&quot;&quot;assert_status_of_phase should pass when xfail=&#39;expected&#39; and the line contains</span>
<span class="sd">        the EXPECTED comment&quot;&quot;&quot;</span>
        <span class="n">test_name</span> <span class="o">=</span> <span class="s2">&quot;my.test.name&quot;</span>
        <span class="n">output</span> <span class="o">=</span> <span class="bp">self</span><span class="o">.</span><span class="n">output_line</span><span class="p">(</span>
            <span class="n">test_status</span><span class="o">.</span><span class="n">TEST_FAIL_STATUS</span><span class="p">,</span>
            <span class="n">test_name</span><span class="p">,</span>
            <span class="n">test_status</span><span class="o">.</span><span class="n">CORE_PHASES</span><span class="p">[</span><span class="mi">0</span><span class="p">],</span>
            <span class="n">extra</span><span class="o">=</span><span class="n">test_status</span><span class="o">.</span><span class="n">TEST_EXPECTED_FAILURE_COMMENT</span><span class="p">,</span>
        <span class="p">)</span>
        <span class="bp">self</span><span class="o">.</span><span class="n">assert_status_of_phase</span><span class="p">(</span>
            <span class="n">output</span><span class="p">,</span>
            <span class="n">test_status</span><span class="o">.</span><span class="n">TEST_FAIL_STATUS</span><span class="p">,</span>
            <span class="n">test_status</span><span class="o">.</span><span class="n">CORE_PHASES</span><span class="p">[</span><span class="mi">0</span><span class="p">],</span>
            <span class="n">test_name</span><span class="p">,</span>
            <span class="n">xfail</span><span class="o">=</span><span class="s2">&quot;expected&quot;</span><span class="p">,</span>
        <span class="p">)</span>
        <span class="c1"># While we&#39;re at it, also test assert_num_expected_unexpected_fails</span>
        <span class="bp">self</span><span class="o">.</span><span class="n">assert_num_expected_unexpected_fails</span><span class="p">(</span>
            <span class="n">output</span><span class="p">,</span> <span class="n">num_expected</span><span class="o">=</span><span class="mi">1</span><span class="p">,</span> <span class="n">num_unexpected</span><span class="o">=</span><span class="mi">0</span>
        <span class="p">)</span></div>


<div class="viewcode-block" id="TestCustomAssertions.test_assertStatusOfPhase_xfailExpected_fails">
<a class="viewcode-back" href="../../../CIME_api/CIME.tests.html#CIME.tests.test_unit_custom_assertions_test_status.TestCustomAssertions.test_assertStatusOfPhase_xfailExpected_fails">[docs]</a>
    <span class="k">def</span> <span class="nf">test_assertStatusOfPhase_xfailExpected_fails</span><span class="p">(</span><span class="bp">self</span><span class="p">):</span>
<span class="w">        </span><span class="sd">&quot;&quot;&quot;assert_status_of_phase should fail when xfail=&#39;expected&#39; but the line does NOT contain</span>
<span class="sd">        the EXPECTED comment&quot;&quot;&quot;</span>
        <span class="n">test_name</span> <span class="o">=</span> <span class="s2">&quot;my.test.name&quot;</span>
        <span class="c1"># Note that the line contains the UNEXPECTED comment, but not the EXPECTED comment</span>
        <span class="c1"># (we assume that if the assertion correctly fails in this case, then it will also</span>
        <span class="c1"># correctly handle the case where neither the EXPECTED nor UNEXPECTED comment is</span>
        <span class="c1"># present).</span>
        <span class="n">output</span> <span class="o">=</span> <span class="bp">self</span><span class="o">.</span><span class="n">output_line</span><span class="p">(</span>
            <span class="n">test_status</span><span class="o">.</span><span class="n">TEST_FAIL_STATUS</span><span class="p">,</span>
            <span class="n">test_name</span><span class="p">,</span>
            <span class="n">test_status</span><span class="o">.</span><span class="n">CORE_PHASES</span><span class="p">[</span><span class="mi">0</span><span class="p">],</span>
            <span class="n">extra</span><span class="o">=</span><span class="bp">self</span><span class="o">.</span><span class="n">_UNEXPECTED_COMMENT</span><span class="p">,</span>
        <span class="p">)</span>

        <span class="k">with</span> <span class="bp">self</span><span class="o">.</span><span class="n">assertRaises</span><span class="p">(</span><span class="ne">AssertionError</span><span class="p">):</span>
            <span class="bp">self</span><span class="o">.</span><span class="n">assert_status_of_phase</span><span class="p">(</span>
                <span class="n">output</span><span class="p">,</span>
                <span class="n">test_status</span><span class="o">.</span><span class="n">TEST_FAIL_STATUS</span><span class="p">,</span>
                <span class="n">test_status</span><span class="o">.</span><span class="n">CORE_PHASES</span><span class="p">[</span><span class="mi">0</span><span class="p">],</span>
                <span class="n">test_name</span><span class="p">,</span>
                <span class="n">xfail</span><span class="o">=</span><span class="s2">&quot;expected&quot;</span><span class="p">,</span>
            <span class="p">)</span>
        <span class="c1"># While we&#39;re at it, also test assert_num_expected_unexpected_fails</span>
        <span class="bp">self</span><span class="o">.</span><span class="n">assert_num_expected_unexpected_fails</span><span class="p">(</span>
            <span class="n">output</span><span class="p">,</span> <span class="n">num_expected</span><span class="o">=</span><span class="mi">0</span><span class="p">,</span> <span class="n">num_unexpected</span><span class="o">=</span><span class="mi">1</span>
        <span class="p">)</span></div>


<div class="viewcode-block" id="TestCustomAssertions.test_assertStatusOfPhase_xfailUnexpected_passes">
<a class="viewcode-back" href="../../../CIME_api/CIME.tests.html#CIME.tests.test_unit_custom_assertions_test_status.TestCustomAssertions.test_assertStatusOfPhase_xfailUnexpected_passes">[docs]</a>
    <span class="k">def</span> <span class="nf">test_assertStatusOfPhase_xfailUnexpected_passes</span><span class="p">(</span><span class="bp">self</span><span class="p">):</span>
<span class="w">        </span><span class="sd">&quot;&quot;&quot;assert_status_of_phase should pass when xfail=&#39;unexpected&#39; and the line contains</span>
<span class="sd">        the UNEXPECTED comment&quot;&quot;&quot;</span>
        <span class="n">test_name</span> <span class="o">=</span> <span class="s2">&quot;my.test.name&quot;</span>
        <span class="n">output</span> <span class="o">=</span> <span class="bp">self</span><span class="o">.</span><span class="n">output_line</span><span class="p">(</span>
            <span class="n">test_status</span><span class="o">.</span><span class="n">TEST_FAIL_STATUS</span><span class="p">,</span>
            <span class="n">test_name</span><span class="p">,</span>
            <span class="n">test_status</span><span class="o">.</span><span class="n">CORE_PHASES</span><span class="p">[</span><span class="mi">0</span><span class="p">],</span>
            <span class="n">extra</span><span class="o">=</span><span class="bp">self</span><span class="o">.</span><span class="n">_UNEXPECTED_COMMENT</span><span class="p">,</span>
        <span class="p">)</span>
        <span class="bp">self</span><span class="o">.</span><span class="n">assert_status_of_phase</span><span class="p">(</span>
            <span class="n">output</span><span class="p">,</span>
            <span class="n">test_status</span><span class="o">.</span><span class="n">TEST_FAIL_STATUS</span><span class="p">,</span>
            <span class="n">test_status</span><span class="o">.</span><span class="n">CORE_PHASES</span><span class="p">[</span><span class="mi">0</span><span class="p">],</span>
            <span class="n">test_name</span><span class="p">,</span>
            <span class="n">xfail</span><span class="o">=</span><span class="s2">&quot;unexpected&quot;</span><span class="p">,</span>
        <span class="p">)</span>
        <span class="c1"># While we&#39;re at it, also test assert_num_expected_unexpected_fails</span>
        <span class="bp">self</span><span class="o">.</span><span class="n">assert_num_expected_unexpected_fails</span><span class="p">(</span>
            <span class="n">output</span><span class="p">,</span> <span class="n">num_expected</span><span class="o">=</span><span class="mi">0</span><span class="p">,</span> <span class="n">num_unexpected</span><span class="o">=</span><span class="mi">1</span>
        <span class="p">)</span></div>


<div class="viewcode-block" id="TestCustomAssertions.test_assertStatusOfPhase_xfailUnexpected_fails">
<a class="viewcode-back" href="../../../CIME_api/CIME.tests.html#CIME.tests.test_unit_custom_assertions_test_status.TestCustomAssertions.test_assertStatusOfPhase_xfailUnexpected_fails">[docs]</a>
    <span class="k">def</span> <span class="nf">test_assertStatusOfPhase_xfailUnexpected_fails</span><span class="p">(</span><span class="bp">self</span><span class="p">):</span>
<span class="w">        </span><span class="sd">&quot;&quot;&quot;assert_status_of_phase should fail when xfail=&#39;unexpected&#39; but the line does NOT</span>
<span class="sd">        contain the UNEXPECTED comment&quot;&quot;&quot;</span>
        <span class="n">test_name</span> <span class="o">=</span> <span class="s2">&quot;my.test.name&quot;</span>
        <span class="c1"># Note that the line contains the EXPECTED comment, but not the UNEXPECTED comment</span>
        <span class="c1"># (we assume that if the assertion correctly fails in this case, then it will also</span>
        <span class="c1"># correctly handle the case where neither the EXPECTED nor UNEXPECTED comment is</span>
        <span class="c1"># present).</span>
        <span class="n">output</span> <span class="o">=</span> <span class="bp">self</span><span class="o">.</span><span class="n">output_line</span><span class="p">(</span>
            <span class="n">test_status</span><span class="o">.</span><span class="n">TEST_FAIL_STATUS</span><span class="p">,</span>
            <span class="n">test_name</span><span class="p">,</span>
            <span class="n">test_status</span><span class="o">.</span><span class="n">CORE_PHASES</span><span class="p">[</span><span class="mi">0</span><span class="p">],</span>
            <span class="n">extra</span><span class="o">=</span><span class="n">test_status</span><span class="o">.</span><span class="n">TEST_EXPECTED_FAILURE_COMMENT</span><span class="p">,</span>
        <span class="p">)</span>

        <span class="k">with</span> <span class="bp">self</span><span class="o">.</span><span class="n">assertRaises</span><span class="p">(</span><span class="ne">AssertionError</span><span class="p">):</span>
            <span class="bp">self</span><span class="o">.</span><span class="n">assert_status_of_phase</span><span class="p">(</span>
                <span class="n">output</span><span class="p">,</span>
                <span class="n">test_status</span><span class="o">.</span><span class="n">TEST_FAIL_STATUS</span><span class="p">,</span>
                <span class="n">test_status</span><span class="o">.</span><span class="n">CORE_PHASES</span><span class="p">[</span><span class="mi">0</span><span class="p">],</span>
                <span class="n">test_name</span><span class="p">,</span>
                <span class="n">xfail</span><span class="o">=</span><span class="s2">&quot;unexpected&quot;</span><span class="p">,</span>
            <span class="p">)</span>
        <span class="c1"># While we&#39;re at it, also test assert_num_expected_unexpected_fails</span>
        <span class="bp">self</span><span class="o">.</span><span class="n">assert_num_expected_unexpected_fails</span><span class="p">(</span>
            <span class="n">output</span><span class="p">,</span> <span class="n">num_expected</span><span class="o">=</span><span class="mi">1</span><span class="p">,</span> <span class="n">num_unexpected</span><span class="o">=</span><span class="mi">0</span>
        <span class="p">)</span></div>
</div>



<span class="k">if</span> <span class="vm">__name__</span> <span class="o">==</span> <span class="s2">&quot;__main__&quot;</span><span class="p">:</span>
    <span class="n">unittest</span><span class="o">.</span><span class="n">main</span><span class="p">()</span>
</pre></div>

           </div>
          </div>
          <footer>

  <hr/>

  <div role="contentinfo">
    <p>&#169; Copyright 2017, U.S. National Science Foundation and U.S. Department of Energy.</p>
  </div>

  Built with <a href="https://www.sphinx-doc.org/">Sphinx</a> using a
    <a href="https://github.com/readthedocs/sphinx_rtd_theme">theme</a>
    provided by <a href="https://readthedocs.org">Read the Docs</a>.
  
     
<script>var version_json_loc = "../../../../../versions.json";</script>


</footer>
        </div>
      </div>
    </section>
  </div>
  <script>
      jQuery(function () {
          SphinxRtdTheme.Navigation.enable(true);
      });
  </script> 

</body>
</html>